2025-10-27 22:11:52,317 - db_helper - INFO - Fetching expenses for date called with... : 2025-10-10
2025-10-27 22:23:38,503 - db_helper - INFO - Deleting expenses for date called with ...: 2024-08-28
2025-10-27 22:23:38,557 - db_helper - INFO - Inserting expense for date called with... : 2024-08-28, amount : 100.0, category : food, notes : restaraunt
2025-10-27 22:23:50,955 - db_helper - INFO - Fetching expenses for date called with... : 2024-08-28
2025-10-28 13:25:34,841 - db_helper - INFO - Fetching expenses for date called with... : 2024-08-01
2025-10-28 13:26:09,728 - db_helper - INFO - Fetching expenses for date called with... : 2024-08-02
2025-10-28 13:26:26,626 - db_helper - INFO - Fetching expenses for date called with... : 2026-08-07
2025-10-28 13:26:38,767 - db_helper - INFO - Fetching expenses for date called with... : 2024-08-15
2025-10-28 13:36:46,681 - db_helper - INFO - Fetching expenses for date called with... : 2024-08-15
2025-10-28 13:37:29,813 - db_helper - INFO - Fetching expenses for date called with... : 2024-08-15
2025-10-28 13:42:02,490 - db_helper - INFO - Fetching expenses for date called with... : 2024-08-15
2025-10-28 13:42:11,793 - db_helper - INFO - Fetching expenses for date called with... : 2024-08-15
2025-10-28 13:43:03,460 - db_helper - INFO - Fetching expenses for date called with... : 2024-08-15
2025-10-28 13:43:59,206 - db_helper - INFO - Fetching expenses for date called with... : 2024-08-15
2025-10-28 13:44:46,885 - db_helper - INFO - Fetching expenses for date called with... : 2024-08-15
2025-10-28 13:45:09,360 - db_helper - INFO - Fetching expenses for date called with... : 2024-08-15
2025-10-28 13:45:37,514 - db_helper - INFO - Fetching expenses for date called with... : 2024-08-15
2025-10-28 13:50:25,234 - db_helper - INFO - Fetching expenses for date called with... : 2024-08-15
2025-10-28 13:50:56,144 - db_helper - INFO - Fetching expenses for date called with... : 2024-08-15
2025-10-28 13:51:37,167 - db_helper - INFO - Fetching expenses for date called with... : 2024-08-15
2025-10-28 13:52:09,990 - db_helper - INFO - Fetching expenses for date called with... : 2024-08-15
2025-10-28 13:54:06,790 - db_helper - INFO - Fetching expenses for date called with... : 2024-08-15
2025-10-28 13:54:36,180 - db_helper - INFO - Fetching expenses for date called with... : 2024-08-15
2025-10-28 13:54:48,123 - db_helper - INFO - Fetching expenses for date called with... : 2024-08-15
2025-10-28 13:54:53,152 - db_helper - INFO - Fetching expenses for date called with... : 2024-08-01
2025-10-28 13:55:52,870 - db_helper - INFO - Fetching expenses for date called with... : 2024-08-01
2025-10-28 13:57:30,725 - db_helper - INFO - Fetching expenses for date called with... : 2024-08-01
2025-10-28 13:58:05,126 - db_helper - INFO - Fetching expenses for date called with... : 2024-08-01
2025-10-28 13:58:09,666 - db_helper - INFO - Fetching expenses for date called with... : 2024-08-02
2025-10-28 13:58:31,000 - db_helper - INFO - Fetching expenses for date called with... : 2024-08-02
2025-10-28 13:58:42,865 - db_helper - INFO - Fetching expenses for date called with... : 2024-08-02
2025-10-28 14:06:01,424 - db_helper - INFO - Fetching expenses for date called with... : 2024-08-02
2025-10-28 14:06:27,171 - db_helper - INFO - Fetching expenses for date called with... : 2024-08-02
2025-10-28 14:06:38,873 - db_helper - INFO - Fetching expenses for date called with... : 2024-08-02
2025-10-28 14:06:43,944 - db_helper - INFO - Fetching expenses for date called with... : 2024-08-07
2025-10-28 14:06:49,757 - db_helper - INFO - Fetching expenses for date called with... : 2024-08-16
2025-10-28 14:06:51,922 - db_helper - INFO - Fetching expenses for date called with... : 2024-08-08
2025-10-28 14:07:12,929 - db_helper - INFO - Fetching expenses for date called with... : 2024-08-08
2025-10-28 14:07:47,284 - db_helper - INFO - Fetching expenses for date called with... : 2024-08-10
2025-10-28 14:07:51,168 - db_helper - INFO - Fetching expenses for date called with... : 2024-08-15
2025-10-28 14:07:54,210 - db_helper - INFO - Fetching expenses for date called with... : 2024-08-31
2025-10-28 14:08:28,631 - db_helper - INFO - Fetching expenses for date called with... : 2024-08-31
2025-10-28 14:08:31,071 - db_helper - INFO - Fetching expenses for date called with... : 2024-08-09
2025-10-28 14:08:44,689 - db_helper - INFO - Fetching expenses for date called with... : 2024-08-01
2025-10-28 14:08:49,124 - db_helper - INFO - Fetching expenses for date called with... : 2024-08-09
2025-10-28 14:08:51,653 - db_helper - INFO - Fetching expenses for date called with... : 2024-08-29
2025-10-28 14:08:53,422 - db_helper - INFO - Fetching expenses for date called with... : 2024-08-20
2025-10-28 14:10:11,345 - db_helper - INFO - Fetching expenses for date called with... : 2024-08-01
2025-10-28 14:10:14,375 - db_helper - INFO - Fetching expenses for date called with... : 2024-08-02
2025-10-28 14:10:16,407 - db_helper - INFO - Fetching expenses for date called with... : 2024-08-10
2025-10-28 14:10:18,469 - db_helper - INFO - Fetching expenses for date called with... : 2024-08-03
2025-10-28 14:10:20,248 - db_helper - INFO - Fetching expenses for date called with... : 2024-08-04
2025-10-28 14:10:21,736 - db_helper - INFO - Fetching expenses for date called with... : 2024-08-05
2025-10-28 14:10:23,331 - db_helper - INFO - Fetching expenses for date called with... : 2024-08-06
2025-10-28 14:10:24,898 - db_helper - INFO - Fetching expenses for date called with... : 2024-08-07
2025-10-28 14:10:26,645 - db_helper - INFO - Fetching expenses for date called with... : 2024-08-08
2025-10-28 14:10:28,240 - db_helper - INFO - Fetching expenses for date called with... : 2024-08-15
2025-10-28 14:10:40,719 - db_helper - INFO - Fetching expenses for date called with... : 2024-08-01
2025-10-28 14:10:43,738 - db_helper - INFO - Fetching expenses for date called with... : 2024-08-02
2025-10-28 14:11:02,162 - db_helper - INFO - Fetching expenses for date called with... : 2024-08-07
2025-10-28 14:11:07,115 - db_helper - INFO - Fetching expenses for date called with... : 2024-08-08
2025-10-28 14:11:09,574 - db_helper - INFO - Fetching expenses for date called with... : 2024-08-02
2025-10-28 14:11:40,709 - db_helper - INFO - Fetching expenses for date called with... : 2024-08-07
2025-10-28 14:11:48,381 - db_helper - INFO - Fetching expenses for date called with... : 2024-08-01
2025-10-28 14:13:42,468 - db_helper - INFO - Fetching expenses for date called with... : 2024-08-01
2025-10-28 14:13:46,406 - db_helper - INFO - Fetching expenses for date called with... : 2024-08-09
2025-10-28 14:13:49,471 - db_helper - INFO - Fetching expenses for date called with... : 2024-08-07
2025-10-28 14:14:04,220 - db_helper - INFO - Fetching expenses for date called with... : 2024-08-03
2025-10-28 14:14:06,456 - db_helper - INFO - Fetching expenses for date called with... : 2024-08-04
2025-10-28 14:19:20,862 - db_helper - INFO - Fetching expenses for date called with... : 2024-08-01
2025-10-28 14:19:26,447 - db_helper - INFO - Fetching expenses for date called with... : 2024-08-07
2025-10-28 14:21:50,613 - db_helper - INFO - Fetching expenses for date called with... : 2024-08-07
2025-10-28 14:27:53,142 - db_helper - INFO - Fetching expenses for date called with... : 2024-08-07
2025-10-28 14:28:09,692 - db_helper - INFO - Fetching expenses for date called with... : 2024-08-07
2025-10-28 14:28:09,750 - db_helper - INFO - Deleting expenses for date called with ...: 2024-08-07
2025-10-28 14:28:09,780 - db_helper - INFO - Inserting expense for date called with... : 2024-08-07, amount : 20.0, category : Food, notes : taco bell
2025-10-28 14:28:18,275 - db_helper - INFO - Fetching expenses for date called with... : 2024-08-01
2025-10-28 14:28:20,745 - db_helper - INFO - Fetching expenses for date called with... : 2024-08-07
2025-10-28 14:28:36,446 - db_helper - INFO - Fetching expenses for date called with... : 2024-08-01
2025-10-28 14:28:39,559 - db_helper - INFO - Fetching expenses for date called with... : 2024-08-07
2025-10-28 14:41:01,691 - db_helper - INFO - Fetching expenses for date called with... : 2025-10-10
2025-10-28 14:41:36,764 - db_helper - INFO - Fetching expenses between dates {expense_date1} and {expense_date2} called...
2025-10-28 14:57:13,462 - db_helper - INFO - Fetching expenses between dates {expense_date1} and {expense_date2} called...
